# JRE version: OpenJDK Runtime Environment (8.0) (build 1.8.0-adoptopenjdk-_2018_05_19_00_59-b00)
# Java VM: OpenJDK 64-Bit Server VM (25.71-b00 mixed mode windows-amd64 compressed oops)
Heap:
 PSYoungGen      total 246272K, used 159641K [0x000000076ab00000, 0x000000077ed00000, 0x00000007c0000000)
  eden space 163840K, 71% used [0x000000076ab00000,0x0000000771e09a78,0x0000000774b00000)
  from space 82432K, 50% used [0x0000000774b00000,0x00000007773dcbc0,0x0000000779b80000)
  to   space 80896K, 0% used [0x0000000779e00000,0x0000000779e00000,0x000000077ed00000)
 ParOldGen       total 440832K, used 58693K [0x00000006c0000000, 0x00000006dae80000, 0x000000076ab00000)
  object space 440832K, 13% used [0x00000006c0000000,0x00000006c3951548,0x00000006dae80000)
 Metaspace       used 96364K, capacity 102803K, committed 103000K, reserved 1138688K
  class space    used 11913K, capacity 13065K, committed 13184K, reserved 1048576K
GC Heap History (10 events):
Event: 1512.510 GC heap before
{Heap before GC invocations=29 (full 4):
 PSYoungGen      total 247296K, used 190164K [0x000000076ab00000, 0x000000077f080000, 0x00000007c0000000)
  eden space 169472K, 100% used [0x000000076ab00000,0x0000000775080000,0x0000000775080000)
  from space 77824K, 26% used [0x000000077a480000,0x000000077b8b52b0,0x000000077f080000)
  to   space 81920K, 0% used [0x0000000775080000,0x0000000775080000,0x000000077a080000)
 ParOldGen       total 440832K, used 58661K [0x00000006c0000000, 0x00000006dae80000, 0x000000076ab00000)
  object space 440832K, 13% used [0x00000006c0000000,0x00000006c3949548,0x00000006dae80000)
 Metaspace       used 94957K, capacity 100125K, committed 100312K, reserved 1136640K
  class space    used 11730K, capacity 12728K, committed 12800K, reserved 1048576K
Event: 1512.526 GC heap after
Heap after GC invocations=29 (full 4):
 PSYoungGen      total 186880K, used 16994K [0x000000076ab00000, 0x000000077ee00000, 0x00000007c0000000)
  eden space 169472K, 0% used [0x000000076ab00000,0x000000076ab00000,0x0000000775080000)
  from space 17408K, 97% used [0x0000000775080000,0x0000000776118958,0x0000000776180000)
  to   space 79872K, 0% used [0x000000077a000000,0x000000077a000000,0x000000077ee00000)
 ParOldGen       total 440832K, used 58669K [0x00000006c0000000, 0x00000006dae80000, 0x000000076ab00000)
  object space 440832K, 13% used [0x00000006c0000000,0x00000006c394b548,0x00000006dae80000)
 Metaspace       used 94957K, capacity 100125K, committed 100312K, reserved 1136640K
  class space    used 11730K, capacity 12728K, committed 12800K, reserved 1048576K
}
Event: 1626.520 GC heap before
{Heap before GC invocations=30 (full 4):
 PSYoungGen      total 186880K, used 186466K [0x000000076ab00000, 0x000000077ee00000, 0x00000007c0000000)
  eden space 169472K, 100% used [0x000000076ab00000,0x0000000775080000,0x0000000775080000)
  from space 17408K, 97% used [0x0000000775080000,0x0000000776118958,0x0000000776180000)
  to   space 79872K, 0% used [0x000000077a000000,0x000000077a000000,0x000000077ee00000)
 ParOldGen       total 440832K, used 58669K [0x00000006c0000000, 0x00000006dae80000, 0x000000076ab00000)
  object space 440832K, 13% used [0x00000006c0000000,0x00000006c394b548,0x00000006dae80000)
 Metaspace       used 95082K, capacity 100265K, committed 100568K, reserved 1136640K
  class space    used 11732K, capacity 12730K, committed 12800K, reserved 1048576K
Event: 1626.539 GC heap after
Heap after GC invocations=30 (full 4):
 PSYoungGen      total 244736K, used 23058K [0x000000076ab00000, 0x000000077e800000, 0x00000007c0000000)
  eden space 171008K, 0% used [0x000000076ab00000,0x000000076ab00000,0x0000000775200000)
  from space 73728K, 31% used [0x000000077a000000,0x000000077b684908,0x000000077e800000)
  to   space 76800K, 0% used [0x0000000775200000,0x0000000775200000,0x0000000779d00000)
 ParOldGen       total 440832K, used 58677K [0x00000006c0000000, 0x00000006dae80000, 0x000000076ab00000)
  object space 440832K, 13% used [0x00000006c0000000,0x00000006c394d548,0x00000006dae80000)
 Metaspace       used 95082K, capacity 100265K, committed 100568K, reserved 1136640K
  class space    used 11732K, capacity 12730K, committed 12800K, reserved 1048576K
}
Event: 1727.951 GC heap before
{Heap before GC invocations=31 (full 4):
 PSYoungGen      total 244736K, used 194066K [0x000000076ab00000, 0x000000077e800000, 0x00000007c0000000)
  eden space 171008K, 100% used [0x000000076ab00000,0x0000000775200000,0x0000000775200000)
  from space 73728K, 31% used [0x000000077a000000,0x000000077b684908,0x000000077e800000)
  to   space 76800K, 0% used [0x0000000775200000,0x0000000775200000,0x0000000779d00000)
 ParOldGen       total 440832K, used 58677K [0x00000006c0000000, 0x00000006dae80000, 0x000000076ab00000)
  object space 440832K, 13% used [0x00000006c0000000,0x00000006c394d548,0x00000006dae80000)
 Metaspace       used 95240K, capacity 100397K, committed 100568K, reserved 1136640K
  class space    used 11732K, capacity 12730K, committed 12800K, reserved 1048576K
Event: 1727.962 GC heap after
Heap after GC invocations=31 (full 4):
 PSYoungGen      total 188416K, used 17202K [0x000000076ab00000, 0x000000077e400000, 0x00000007c0000000)
  eden space 171008K, 0% used [0x000000076ab00000,0x000000076ab00000,0x0000000775200000)
  from space 17408K, 98% used [0x0000000775200000,0x00000007762cc908,0x0000000776300000)
  to   space 74240K, 0% used [0x0000000779b80000,0x0000000779b80000,0x000000077e400000)
 ParOldGen       total 440832K, used 58677K [0x00000006c0000000, 0x00000006dae80000, 0x000000076ab00000)
  object space 440832K, 13% used [0x00000006c0000000,0x00000006c394d548,0x00000006dae80000)
 Metaspace       used 95240K, capacity 100397K, committed 100568K, reserved 1136640K
  class space    used 11732K, capacity 12730K, committed 12800K, reserved 1048576K
}
Event: 1730.020 GC heap before
{Heap before GC invocations=32 (full 4):
 PSYoungGen      total 188416K, used 172881K [0x000000076ab00000, 0x000000077e400000, 0x00000007c0000000)
  eden space 171008K, 91% used [0x000000076ab00000,0x0000000774307d00,0x0000000775200000)
  from space 17408K, 98% used [0x0000000775200000,0x00000007762cc908,0x0000000776300000)
  to   space 74240K, 0% used [0x0000000779b80000,0x0000000779b80000,0x000000077e400000)
 ParOldGen       total 440832K, used 58677K [0x00000006c0000000, 0x00000006dae80000, 0x000000076ab00000)
  object space 440832K, 13% used [0x00000006c0000000,0x00000006c394d548,0x00000006dae80000)
 Metaspace       used 95361K, capacity 100473K, committed 100568K, reserved 1136640K
  class space    used 11734K, capacity 12732K, committed 12800K, reserved 1048576K
Event: 1730.045 GC heap after
Heap after GC invocations=32 (full 4):
 PSYoungGen      total 238080K, used 63383K [0x000000076ab00000, 0x000000077f800000, 0x00000007c0000000)
  eden space 163840K, 0% used [0x000000076ab00000,0x000000076ab00000,0x0000000774b00000)
  from space 74240K, 85% used [0x0000000779b80000,0x000000077d965ff0,0x000000077e400000)
  to   space 82432K, 0% used [0x0000000774b00000,0x0000000774b00000,0x0000000779b80000)
 ParOldGen       total 440832K, used 58685K [0x00000006c0000000, 0x00000006dae80000, 0x000000076ab00000)
  object space 440832K, 13% used [0x00000006c0000000,0x00000006c394f548,0x00000006dae80000)
 Metaspace       used 95361K, capacity 100473K, committed 100568K, reserved 1136640K
  class space    used 11734K, capacity 12732K, committed 12800K, reserved 1048576K
}
Event: 1915.456 GC heap before
{Heap before GC invocations=33 (full 4):
 PSYoungGen      total 238080K, used 226990K [0x000000076ab00000, 0x000000077f800000, 0x00000007c0000000)
  eden space 163840K, 99% used [0x000000076ab00000,0x0000000774ac58a8,0x0000000774b00000)
  from space 74240K, 85% used [0x0000000779b80000,0x000000077d965ff0,0x000000077e400000)
  to   space 82432K, 0% used [0x0000000774b00000,0x0000000774b00000,0x0000000779b80000)
 ParOldGen       total 440832K, used 58685K [0x00000006c0000000, 0x00000006dae80000, 0x000000076ab00000)
  object space 440832K, 13% used [0x00000006c0000000,0x00000006c394f548,0x00000006dae80000)
 Metaspace       used 95515K, capacity 100703K, committed 100824K, reserved 1136640K
  class space    used 11736K, capacity 12737K, committed 12800K, reserved 1048576K
Event: 1915.475 GC heap after
Heap after GC invocations=33 (full 4):
 PSYoungGen      total 246272K, used 41842K [0x000000076ab00000, 0x000000077ed00000, 0x00000007c0000000)
  eden space 163840K, 0% used [0x000000076ab00000,0x000000076ab00000,0x0000000774b00000)
  from space 82432K, 50% used [0x0000000774b00000,0x00000007773dcbc0,0x0000000779b80000)
  to   space 80896K, 0% used [0x0000000779e00000,0x0000000779e00000,0x000000077ed00000)
 ParOldGen       total 440832K, used 58693K [0x00000006c0000000, 0x00000006dae80000, 0x000000076ab00000)
  object space 440832K, 13% used [0x00000006c0000000,0x00000006c3951548,0x00000006dae80000)
 Metaspace       used 95515K, capacity 100703K, committed 100824K, reserved 1136640K
  class space    used 11736K, capacity 12737K, committed 12800K, reserved 1048576K
}

